[     249ms] [WARNING] Unrecognized feature: 'muted'. @ https://mybeautifulcity-staging.webflow.io/:1143
[     304ms] [WARNING] Failed to decode downloaded font: https://cdn.prod.website-files.com/68f628651ca56295fadea4d4/68f8c03a9f1e00aa1c0f0571_Folio%20Book%20Regular.woff2 @ https://mybeautifulcity-staging.webflow.io/:0
[     304ms] [WARNING] OTS parsing error: invalid sfntVersion: -2147385583 @ https://mybeautifulcity-staging.webflow.io/:0
[     493ms] [LOG] [MBC DEBUG] home:beforeEnter @ https://cdn.jsdelivr.net/gh/danwykesdev/mbc@d091039/dist/mbc.bundle.js:0
[     493ms] [LOG] [MBC DEBUG] home:beforeEnter:inspect {wfPage: 68f628681ca56295fadea614, barbaNamespace: home, crispLoaders: 3, tabsRoot: true, wfTabLinks: 4} @ https://cdn.jsdelivr.net/gh/danwykesdev/mbc@d091039/dist/mbc.bundle.js:0
[     506ms] [WARNING] Failed to decode downloaded font: https://cdn.prod.website-files.com/68f628651ca56295fadea4d4/68f8c03a9f1e00aa1c0f0571_Folio%20Book%20Regular.woff2 @ https://d3e54v103j8qbb.cloudfront.net/js/jquery-3.5.1.min.dc5e7f18c8.js?site=68f628651ca56295fadea4d4:1
[     507ms] [WARNING] OTS parsing error: invalid sfntVersion: -2147385583 @ https://d3e54v103j8qbb.cloudfront.net/js/jquery-3.5.1.min.dc5e7f18c8.js?site=68f628651ca56295fadea4d4:1
[     581ms] [LOG] [MBC DEBUG] home:mount:start {isFirstLoad: true, token: 1} @ https://cdn.jsdelivr.net/gh/danwykesdev/mbc@d091039/dist/mbc.bundle.js:0
[     581ms] [LOG] [MBC DEBUG] home:pre-ui {wfPage: 68f628681ca56295fadea614, barbaNamespace: home, crispLoaders: 3, tabsRoot: true, wfTabLinks: 4} @ https://cdn.jsdelivr.net/gh/danwykesdev/mbc@d091039/dist/mbc.bundle.js:0
[     583ms] [WARNING] Failed to decode downloaded font: https://cdn.prod.website-files.com/68f628651ca56295fadea4d4/68f8c03a9f1e00aa1c0f0571_Folio%20Book%20Regular.woff2 @ https://d3e54v103j8qbb.cloudfront.net/js/jquery-3.5.1.min.dc5e7f18c8.js?site=68f628651ca56295fadea4d4:1
[     583ms] [WARNING] OTS parsing error: invalid sfntVersion: -2147385583 @ https://d3e54v103j8qbb.cloudfront.net/js/jquery-3.5.1.min.dc5e7f18c8.js?site=68f628651ca56295fadea4d4:1
[     602ms] [LOG] [MBC DEBUG] fs:list:hook:ready @ https://cdn.jsdelivr.net/gh/danwykesdev/mbc@d091039/dist/mbc.bundle.js:0
[     657ms] [WARNING] Failed to decode downloaded font: https://cdn.prod.website-files.com/68f628651ca56295fadea4d4/68f8c03a9f1e00aa1c0f0571_Folio%20Book%20Regular.woff2 @ https://d3e54v103j8qbb.cloudfront.net/js/jquery-3.5.1.min.dc5e7f18c8.js?site=68f628651ca56295fadea4d4:1
[     657ms] [WARNING] OTS parsing error: invalid sfntVersion: -2147385583 @ https://d3e54v103j8qbb.cloudfront.net/js/jquery-3.5.1.min.dc5e7f18c8.js?site=68f628651ca56295fadea4d4:1
[     853ms] [LOG] [MBC DEBUG] home:hero:start @ https://cdn.jsdelivr.net/gh/danwykesdev/mbc@d091039/dist/mbc.bundle.js:0
[    2554ms] [WARNING] Failed to decode downloaded font: https://cdn.prod.website-files.com/68f628651ca56295fadea4d4/68f8c03a9f1e00aa1c0f0571_Folio%20Book%20Regular.woff2 @ https://cdn.prod.website-files.com/gsap/3.14.2/ScrollTrigger.min.js:9
[    2554ms] [WARNING] OTS parsing error: invalid sfntVersion: -2147385583 @ https://cdn.prod.website-files.com/gsap/3.14.2/ScrollTrigger.min.js:9
[    2556ms] [WARNING] Failed to decode downloaded font: https://cdn.prod.website-files.com/68f628651ca56295fadea4d4/68f8c03a9f1e00aa1c0f0571_Folio%20Book%20Regular.woff2 @ https://cdn.prod.website-files.com/gsap/3.14.2/ScrollTrigger.min.js:9
[    2556ms] [WARNING] OTS parsing error: invalid sfntVersion: -2147385583 @ https://cdn.prod.website-files.com/gsap/3.14.2/ScrollTrigger.min.js:9
[    2558ms] [WARNING] Failed to decode downloaded font: https://cdn.prod.website-files.com/68f628651ca56295fadea4d4/68f8c03a9f1e00aa1c0f0571_Folio%20Book%20Regular.woff2 @ https://cdn.prod.website-files.com/gsap/3.14.2/ScrollTrigger.min.js:9
[    2558ms] [WARNING] OTS parsing error: invalid sfntVersion: -2147385583 @ https://cdn.prod.website-files.com/gsap/3.14.2/ScrollTrigger.min.js:9
[    2559ms] [WARNING] Failed to decode downloaded font: https://cdn.prod.website-files.com/68f628651ca56295fadea4d4/68f8c03a9f1e00aa1c0f0571_Folio%20Book%20Regular.woff2 @ https://cdn.prod.website-files.com/gsap/3.14.2/ScrollTrigger.min.js:9
[    2559ms] [WARNING] OTS parsing error: invalid sfntVersion: -2147385583 @ https://cdn.prod.website-files.com/gsap/3.14.2/ScrollTrigger.min.js:9
[    2813ms] [WARNING] Failed to decode downloaded font: https://cdn.prod.website-files.com/68f628651ca56295fadea4d4/68f8c03a9f1e00aa1c0f0571_Folio%20Book%20Regular.woff2 @ https://cdn.prod.website-files.com/gsap/3.14.2/ScrollTrigger.min.js:9
[    2813ms] [WARNING] OTS parsing error: invalid sfntVersion: -2147385583 @ https://cdn.prod.website-files.com/gsap/3.14.2/ScrollTrigger.min.js:9
[    2815ms] [WARNING] Failed to decode downloaded font: https://cdn.prod.website-files.com/68f628651ca56295fadea4d4/68f8c03a9f1e00aa1c0f0571_Folio%20Book%20Regular.woff2 @ https://cdn.prod.website-files.com/gsap/3.14.2/ScrollTrigger.min.js:9
[    2815ms] [WARNING] OTS parsing error: invalid sfntVersion: -2147385583 @ https://cdn.prod.website-files.com/gsap/3.14.2/ScrollTrigger.min.js:9
[    3609ms] [LOG] [MBC DEBUG] home:hero:done @ https://cdn.jsdelivr.net/gh/danwykesdev/mbc@d091039/dist/mbc.bundle.js:0
[    3609ms] [LOG] [MBC DEBUG] home:first-load-final:ui:start @ https://cdn.jsdelivr.net/gh/danwykesdev/mbc@d091039/dist/mbc.bundle.js:0
[    3610ms] [LOG] [MBC DEBUG] home:first-load-final:ui:start @ https://cdn.jsdelivr.net/gh/danwykesdev/mbc@d091039/dist/mbc.bundle.js:0
[    3611ms] [WARNING] Failed to decode downloaded font: https://cdn.prod.website-files.com/68f628651ca56295fadea4d4/68f8c03a9f1e00aa1c0f0571_Folio%20Book%20Regular.woff2 @ https://d3e54v103j8qbb.cloudfront.net/js/jquery-3.5.1.min.dc5e7f18c8.js?site=68f628651ca56295fadea4d4:1
[    3611ms] [WARNING] OTS parsing error: invalid sfntVersion: -2147385583 @ https://d3e54v103j8qbb.cloudfront.net/js/jquery-3.5.1.min.dc5e7f18c8.js?site=68f628651ca56295fadea4d4:1
[    3615ms] [WARNING] Failed to decode downloaded font: https://cdn.prod.website-files.com/68f628651ca56295fadea4d4/68f8c03a9f1e00aa1c0f0571_Folio%20Book%20Regular.woff2 @ https://d3e54v103j8qbb.cloudfront.net/js/jquery-3.5.1.min.dc5e7f18c8.js?site=68f628651ca56295fadea4d4:1
[    3615ms] [WARNING] OTS parsing error: invalid sfntVersion: -2147385583 @ https://d3e54v103j8qbb.cloudfront.net/js/jquery-3.5.1.min.dc5e7f18c8.js?site=68f628651ca56295fadea4d4:1
[    3709ms] [WARNING] Failed to decode downloaded font: https://cdn.prod.website-files.com/68f628651ca56295fadea4d4/68f8c03a9f1e00aa1c0f0571_Folio%20Book%20Regular.woff2 @ https://d3e54v103j8qbb.cloudfront.net/js/jquery-3.5.1.min.dc5e7f18c8.js?site=68f628651ca56295fadea4d4:1
[    3709ms] [WARNING] OTS parsing error: invalid sfntVersion: -2147385583 @ https://d3e54v103j8qbb.cloudfront.net/js/jquery-3.5.1.min.dc5e7f18c8.js?site=68f628651ca56295fadea4d4:1
[    3713ms] [WARNING] Failed to decode downloaded font: https://cdn.prod.website-files.com/68f628651ca56295fadea4d4/68f8c03a9f1e00aa1c0f0571_Folio%20Book%20Regular.woff2 @ https://d3e54v103j8qbb.cloudfront.net/js/jquery-3.5.1.min.dc5e7f18c8.js?site=68f628651ca56295fadea4d4:1
[    3713ms] [WARNING] OTS parsing error: invalid sfntVersion: -2147385583 @ https://d3e54v103j8qbb.cloudfront.net/js/jquery-3.5.1.min.dc5e7f18c8.js?site=68f628651ca56295fadea4d4:1
[    3714ms] [LOG] [MBC DEBUG] home:first-load-final:ui:done @ https://cdn.jsdelivr.net/gh/danwykesdev/mbc@d091039/dist/mbc.bundle.js:0
[    3769ms] [LOG] [MBC DEBUG] home:first-load-final:videos:init @ https://cdn.jsdelivr.net/gh/danwykesdev/mbc@d091039/dist/mbc.bundle.js:0
[    3776ms] [LOG] [MBC DEBUG] home:tabs:keep-current {activeName: event-production} @ https://cdn.jsdelivr.net/gh/danwykesdev/mbc@d091039/dist/mbc.bundle.js:0
[    3776ms] [LOG] [MBC DEBUG] home:tabs:bound {tabs: 4, panes: 4, activeName: event-production} @ https://cdn.jsdelivr.net/gh/danwykesdev/mbc@d091039/dist/mbc.bundle.js:0
[    3776ms] [LOG] [MBC DEBUG] home:first-load-final:tabs-hover:init @ https://cdn.jsdelivr.net/gh/danwykesdev/mbc@d091039/dist/mbc.bundle.js:0
[    3810ms] [LOG] [MBC DEBUG] home:first-load-final:inspect {wfPage: 68f628681ca56295fadea614, barbaNamespace: home, crispLoaders: 3, tabsRoot: true, wfTabLinks: 4} @ https://cdn.jsdelivr.net/gh/danwykesdev/mbc@d091039/dist/mbc.bundle.js:0
[    3811ms] [WARNING] Failed to decode downloaded font: https://cdn.prod.website-files.com/68f628651ca56295fadea4d4/68f8c03a9f1e00aa1c0f0571_Folio%20Book%20Regular.woff2 @ https://d3e54v103j8qbb.cloudfront.net/js/jquery-3.5.1.min.dc5e7f18c8.js?site=68f628651ca56295fadea4d4:1
[    3811ms] [WARNING] OTS parsing error: invalid sfntVersion: -2147385583 @ https://d3e54v103j8qbb.cloudfront.net/js/jquery-3.5.1.min.dc5e7f18c8.js?site=68f628651ca56295fadea4d4:1
[    3826ms] [WARNING] Failed to decode downloaded font: https://cdn.prod.website-files.com/68f628651ca56295fadea4d4/68f8c03a9f1e00aa1c0f0571_Folio%20Book%20Regular.woff2 @ https://cdn.jsdelivr.net/gh/danwykesdev/mbc@d091039/dist/mbc.bundle.js:0
[    3826ms] [WARNING] OTS parsing error: invalid sfntVersion: -2147385583 @ https://cdn.jsdelivr.net/gh/danwykesdev/mbc@d091039/dist/mbc.bundle.js:0
[    3829ms] [WARNING] Failed to decode downloaded font: https://cdn.prod.website-files.com/68f628651ca56295fadea4d4/68f8c03a9f1e00aa1c0f0571_Folio%20Book%20Regular.woff2 @ https://cdn.prod.website-files.com/gsap/3.14.2/ScrollTrigger.min.js:9
[    3829ms] [WARNING] OTS parsing error: invalid sfntVersion: -2147385583 @ https://cdn.prod.website-files.com/gsap/3.14.2/ScrollTrigger.min.js:9
[    3831ms] [WARNING] Failed to decode downloaded font: https://cdn.prod.website-files.com/68f628651ca56295fadea4d4/68f8c03a9f1e00aa1c0f0571_Folio%20Book%20Regular.woff2 @ https://cdn.prod.website-files.com/gsap/3.14.2/ScrollTrigger.min.js:9
[    3831ms] [WARNING] OTS parsing error: invalid sfntVersion: -2147385583 @ https://cdn.prod.website-files.com/gsap/3.14.2/ScrollTrigger.min.js:9
[    3842ms] [WARNING] Failed to decode downloaded font: https://cdn.prod.website-files.com/68f628651ca56295fadea4d4/68f8c03a9f1e00aa1c0f0571_Folio%20Book%20Regular.woff2 @ https://cdn.prod.website-files.com/gsap/3.14.2/ScrollTrigger.min.js:9
[    3842ms] [WARNING] OTS parsing error: invalid sfntVersion: -2147385583 @ https://cdn.prod.website-files.com/gsap/3.14.2/ScrollTrigger.min.js:9
[    3844ms] [WARNING] Failed to decode downloaded font: https://cdn.prod.website-files.com/68f628651ca56295fadea4d4/68f8c03a9f1e00aa1c0f0571_Folio%20Book%20Regular.woff2 @ https://cdn.prod.website-files.com/gsap/3.14.2/ScrollTrigger.min.js:9
[    3844ms] [WARNING] OTS parsing error: invalid sfntVersion: -2147385583 @ https://cdn.prod.website-files.com/gsap/3.14.2/ScrollTrigger.min.js:9
[    4092ms] [WARNING] Failed to decode downloaded font: https://cdn.prod.website-files.com/68f628651ca56295fadea4d4/68f8c03a9f1e00aa1c0f0571_Folio%20Book%20Regular.woff2 @ https://cdn.prod.website-files.com/gsap/3.14.2/ScrollTrigger.min.js:9
[    4092ms] [WARNING] OTS parsing error: invalid sfntVersion: -2147385583 @ https://cdn.prod.website-files.com/gsap/3.14.2/ScrollTrigger.min.js:9
[    4094ms] [WARNING] Failed to decode downloaded font: https://cdn.prod.website-files.com/68f628651ca56295fadea4d4/68f8c03a9f1e00aa1c0f0571_Folio%20Book%20Regular.woff2 @ https://cdn.prod.website-files.com/gsap/3.14.2/ScrollTrigger.min.js:9
[    4094ms] [WARNING] OTS parsing error: invalid sfntVersion: -2147385583 @ https://cdn.prod.website-files.com/gsap/3.14.2/ScrollTrigger.min.js:9
[    4333ms] [ERROR] Failed to load resource: the server responded with a status of 401 (Unauthorized) @ https://player.vimeo.com/video/1050690006?muted=1&autoplay=1&autopause=0&loop=1&background=1&app_id=122963:0
[    5096ms] [WARNING] [Cloudflare Turnstile] Turnstile has already been rendered in this container. Did you mean to render it multiple times? @ https://challenges.cloudflare.com/turnstile/v0/api.js?onload=turnstileLoad:0
[    5671ms] [WARNING] Failed to parse audio contentType: audio/mp4; codecs=ac-3 @ https://challenges.cloudflare.com/cdn-cgi/challenge-platform/h/b/turnstile/f/ov2/av0/rch/vew8t/0x4AAAAAAAbaszMygKLnGbeo/auto/fbE/new/normal?lang=auto:0
[    5671ms] [WARNING] Failed to parse audio contentType: audio/mp4; codecs=ec-3 @ https://challenges.cloudflare.com/cdn-cgi/challenge-platform/h/b/turnstile/f/ov2/av0/rch/vew8t/0x4AAAAAAAbaszMygKLnGbeo/auto/fbE/new/normal?lang=auto:0
[    5673ms] [WARNING] Invalid (ambiguous) video codec string: video/webm; codecs=vp9 @ https://challenges.cloudflare.com/cdn-cgi/challenge-platform/h/b/turnstile/f/ov2/av0/rch/vew8t/0x4AAAAAAAbaszMygKLnGbeo/auto/fbE/new/normal?lang=auto:0
[    5673ms] [WARNING] Failed to parse video contentType: video/ogg; codecs=theora @ https://challenges.cloudflare.com/cdn-cgi/challenge-platform/h/b/turnstile/f/ov2/av0/rch/vew8t/0x4AAAAAAAbaszMygKLnGbeo/auto/fbE/new/normal?lang=auto:0
[    5752ms] [ERROR]  Note that 'script-src' was not explicitly set, so 'default-src' is used as a fallback. @ https://challenges.cloudflare.com/cdn-cgi/challenge-platform/h/b/turnstile/f/ov2/av0/rch/a5tx1/0x4AAAAAAAbaszMygKLnGbeo/auto/fbE/new/normal?lang=auto:0
[    5949ms] [LOG] /.*.*=.*/ @ https://challenges.cloudflare.com/cdn-cgi/challenge-platform/h/b/turnstile/f/ov2/av0/rch/a5tx1/0x4AAAAAAAbaszMygKLnGbeo/auto/fbE/new/normal?lang=auto:0
[    5950ms] [LOG] /.*.*=.*/ @ https://challenges.cloudflare.com/cdn-cgi/challenge-platform/h/b/turnstile/f/ov2/av0/rch/a5tx1/0x4AAAAAAAbaszMygKLnGbeo/auto/fbE/new/normal?lang=auto:0
[    5950ms] [LOG] function () { [native code] } @ https://challenges.cloudflare.com/cdn-cgi/challenge-platform/h/b/turnstile/f/ov2/av0/rch/a5tx1/0x4AAAAAAAbaszMygKLnGbeo/auto/fbE/new/normal?lang=auto:0
[    5950ms] [LOG] function () { [native code] } @ https://challenges.cloudflare.com/cdn-cgi/challenge-platform/h/b/turnstile/f/ov2/av0/rch/a5tx1/0x4AAAAAAAbaszMygKLnGbeo/auto/fbE/new/normal?lang=auto:0
[    5950ms] [LOG] JSHandle@node @ https://challenges.cloudflare.com/cdn-cgi/challenge-platform/h/b/turnstile/f/ov2/av0/rch/a5tx1/0x4AAAAAAAbaszMygKLnGbeo/auto/fbE/new/normal?lang=auto:0
[    5950ms] [LOG] JSHandle@node @ https://challenges.cloudflare.com/cdn-cgi/challenge-platform/h/b/turnstile/f/ov2/av0/rch/a5tx1/0x4AAAAAAAbaszMygKLnGbeo/auto/fbE/new/normal?lang=auto:0
[    5950ms] [COUNT]  : 1 @ https://challenges.cloudflare.com/cdn-cgi/challenge-platform/h/b/turnstile/f/ov2/av0/rch/a5tx1/0x4AAAAAAAbaszMygKLnGbeo/auto/fbE/new/normal?lang=auto:0
[    5950ms] [COUNT]  : 1 @ https://challenges.cloudflare.com/cdn-cgi/challenge-platform/h/b/turnstile/f/ov2/av0/rch/a5tx1/0x4AAAAAAAbaszMygKLnGbeo/auto/fbE/new/normal?lang=auto:0
[    5950ms] [DIR]  Error @ https://challenges.cloudflare.com/cdn-cgi/challenge-platform/h/b/turnstile/f/ov2/av0/rch/a5tx1/0x4AAAAAAAbaszMygKLnGbeo/auto/fbE/new/normal?lang=auto:0
[    5951ms] [DIR]  Error @ https://challenges.cloudflare.com/cdn-cgi/challenge-platform/h/b/turnstile/f/ov2/av0/rch/a5tx1/0x4AAAAAAAbaszMygKLnGbeo/auto/fbE/new/normal?lang=auto:0
[    5951ms] [DIRXML] %c%d font-size:0;color:transparent Error @ https://challenges.cloudflare.com/cdn-cgi/challenge-platform/h/b/turnstile/f/ov2/av0/rch/a5tx1/0x4AAAAAAAbaszMygKLnGbeo/auto/fbE/new/normal?lang=auto:0
[    5951ms] [DIRXML] %c%d font-size:0;color:transparent Error @ https://challenges.cloudflare.com/cdn-cgi/challenge-platform/h/b/turnstile/f/ov2/av0/rch/a5tx1/0x4AAAAAAAbaszMygKLnGbeo/auto/fbE/new/normal?lang=auto:0
[    5951ms] [ERROR] %c%d font-size:0;color:transparent NaN @ https://challenges.cloudflare.com/cdn-cgi/challenge-platform/h/b/turnstile/f/ov2/av0/rch/a5tx1/0x4AAAAAAAbaszMygKLnGbeo/auto/fbE/new/normal?lang=auto:0
[    5951ms] [ERROR] %c%d font-size:0;color:transparent NaN @ https://challenges.cloudflare.com/cdn-cgi/challenge-platform/h/b/turnstile/f/ov2/av0/rch/a5tx1/0x4AAAAAAAbaszMygKLnGbeo/auto/fbE/new/normal?lang=auto:0
[    5951ms] [INFO] %c%d font-size:0;color:transparent NaN @ https://challenges.cloudflare.com/cdn-cgi/challenge-platform/h/b/turnstile/f/ov2/av0/rch/a5tx1/0x4AAAAAAAbaszMygKLnGbeo/auto/fbE/new/normal?lang=auto:0
[    5951ms] [INFO] %c%d font-size:0;color:transparent NaN @ https://challenges.cloudflare.com/cdn-cgi/challenge-platform/h/b/turnstile/f/ov2/av0/rch/a5tx1/0x4AAAAAAAbaszMygKLnGbeo/auto/fbE/new/normal?lang=auto:0
[    5951ms] [LOG] %c%d font-size:0;color:transparent NaN @ https://challenges.cloudflare.com/cdn-cgi/challenge-platform/h/b/turnstile/f/ov2/av0/rch/a5tx1/0x4AAAAAAAbaszMygKLnGbeo/auto/fbE/new/normal?lang=auto:0
[    5951ms] [LOG] %c%d font-size:0;color:transparent NaN @ https://challenges.cloudflare.com/cdn-cgi/challenge-platform/h/b/turnstile/f/ov2/av0/rch/a5tx1/0x4AAAAAAAbaszMygKLnGbeo/auto/fbE/new/normal?lang=auto:0
[    5952ms] [TABLE] %c%d font-size:0;color:transparent Error @ https://challenges.cloudflare.com/cdn-cgi/challenge-platform/h/b/turnstile/f/ov2/av0/rch/a5tx1/0x4AAAAAAAbaszMygKLnGbeo/auto/fbE/new/normal?lang=auto:0
[    5952ms] [TABLE] %c%d font-size:0;color:transparent Error @ https://challenges.cloudflare.com/cdn-cgi/challenge-platform/h/b/turnstile/f/ov2/av0/rch/a5tx1/0x4AAAAAAAbaszMygKLnGbeo/auto/fbE/new/normal?lang=auto:0
[    5952ms] [WARNING] %c%d font-size:0;color:transparent NaN @ https://challenges.cloudflare.com/cdn-cgi/challenge-platform/h/b/turnstile/f/ov2/av0/rch/a5tx1/0x4AAAAAAAbaszMygKLnGbeo/auto/fbE/new/normal?lang=auto:0
[    5952ms] [WARNING] %c%d font-size:0;color:transparent NaN @ https://challenges.cloudflare.com/cdn-cgi/challenge-platform/h/b/turnstile/f/ov2/av0/rch/a5tx1/0x4AAAAAAAbaszMygKLnGbeo/auto/fbE/new/normal?lang=auto:0
[    6210ms] [ERROR] Permissions policy violation: xr-spatial-tracking is not allowed in this document. @ https://challenges.cloudflare.com/cdn-cgi/challenge-platform/h/b/turnstile/f/ov2/av0/rch/vew8t/0x4AAAAAAAbaszMygKLnGbeo/auto/fbE/new/normal?lang=auto:0
[    6211ms] [ERROR] Permissions policy violation: xr-spatial-tracking is not allowed in this document. @ https://challenges.cloudflare.com/cdn-cgi/challenge-platform/h/b/turnstile/f/ov2/av0/rch/vew8t/0x4AAAAAAAbaszMygKLnGbeo/auto/fbE/new/normal?lang=auto:0
[    6618ms] [ERROR] Permissions policy violation: xr-spatial-tracking is not allowed in this document. @ https://challenges.cloudflare.com/cdn-cgi/challenge-platform/h/b/turnstile/f/ov2/av0/rch/a5tx1/0x4AAAAAAAbaszMygKLnGbeo/auto/fbE/new/normal?lang=auto:0
[    6618ms] [ERROR] Permissions policy violation: xr-spatial-tracking is not allowed in this document. @ https://challenges.cloudflare.com/cdn-cgi/challenge-platform/h/b/turnstile/f/ov2/av0/rch/a5tx1/0x4AAAAAAAbaszMygKLnGbeo/auto/fbE/new/normal?lang=auto:0
[    6777ms] [ERROR]  Note that 'script-src' was not explicitly set, so 'default-src' is used as a fallback. @ https://challenges.cloudflare.com/cdn-cgi/challenge-platform/h/b/turnstile/f/ov2/av0/rch/vew8t/0x4AAAAAAAbaszMygKLnGbeo/auto/fbE/new/normal?lang=auto:0
[    6843ms] [LOG] The next request for the Private Access Token challenge may return a 401 and show a warning in console. @ https://challenges.cloudflare.com/cdn-cgi/challenge-platform/h/b/turnstile/f/ov2/av0/rch/a5tx1/0x4AAAAAAAbaszMygKLnGbeo/auto/fbE/new/normal?lang=auto:0
[    6873ms] [ERROR] Failed to load resource: the server responded with a status of 401 () @ https://challenges.cloudflare.com/cdn-cgi/challenge-platform/h/b/pat/9e9e16d5eea5ef2f/1775785706090/b84c061c0047f6440421be33ce1caaadc69eb6c766624c96c15f8502dd7eeb81/b4wWDroDnol5eLW:0
[    7784ms] [LOG] /.*.*=.*/ @ https://challenges.cloudflare.com/cdn-cgi/challenge-platform/h/b/turnstile/f/ov2/av0/rch/vew8t/0x4AAAAAAAbaszMygKLnGbeo/auto/fbE/new/normal?lang=auto:0
[    7787ms] [LOG] /.*.*=.*/ @ https://challenges.cloudflare.com/cdn-cgi/challenge-platform/h/b/turnstile/f/ov2/av0/rch/vew8t/0x4AAAAAAAbaszMygKLnGbeo/auto/fbE/new/normal?lang=auto:0
[    7788ms] [LOG] function () { [native code] } @ https://challenges.cloudflare.com/cdn-cgi/challenge-platform/h/b/turnstile/f/ov2/av0/rch/vew8t/0x4AAAAAAAbaszMygKLnGbeo/auto/fbE/new/normal?lang=auto:0
[    7791ms] [LOG] function () { [native code] } @ https://challenges.cloudflare.com/cdn-cgi/challenge-platform/h/b/turnstile/f/ov2/av0/rch/vew8t/0x4AAAAAAAbaszMygKLnGbeo/auto/fbE/new/normal?lang=auto:0
[    7793ms] [LOG] JSHandle@node @ https://challenges.cloudflare.com/cdn-cgi/challenge-platform/h/b/turnstile/f/ov2/av0/rch/vew8t/0x4AAAAAAAbaszMygKLnGbeo/auto/fbE/new/normal?lang=auto:0
[    7795ms] [LOG] JSHandle@node @ https://challenges.cloudflare.com/cdn-cgi/challenge-platform/h/b/turnstile/f/ov2/av0/rch/vew8t/0x4AAAAAAAbaszMygKLnGbeo/auto/fbE/new/normal?lang=auto:0
[    7796ms] [COUNT]  : 1 @ https://challenges.cloudflare.com/cdn-cgi/challenge-platform/h/b/turnstile/f/ov2/av0/rch/vew8t/0x4AAAAAAAbaszMygKLnGbeo/auto/fbE/new/normal?lang=auto:0
[    7796ms] [COUNT]  : 1 @ https://challenges.cloudflare.com/cdn-cgi/challenge-platform/h/b/turnstile/f/ov2/av0/rch/vew8t/0x4AAAAAAAbaszMygKLnGbeo/auto/fbE/new/normal?lang=auto:0
[    7797ms] [DIR]  Error @ https://challenges.cloudflare.com/cdn-cgi/challenge-platform/h/b/turnstile/f/ov2/av0/rch/vew8t/0x4AAAAAAAbaszMygKLnGbeo/auto/fbE/new/normal?lang=auto:0
[    7798ms] [DIR]  Error @ https://challenges.cloudflare.com/cdn-cgi/challenge-platform/h/b/turnstile/f/ov2/av0/rch/vew8t/0x4AAAAAAAbaszMygKLnGbeo/auto/fbE/new/normal?lang=auto:0
[    7798ms] [DIRXML] %c%d font-size:0;color:transparent Error @ https://challenges.cloudflare.com/cdn-cgi/challenge-platform/h/b/turnstile/f/ov2/av0/rch/vew8t/0x4AAAAAAAbaszMygKLnGbeo/auto/fbE/new/normal?lang=auto:0
[    7798ms] [DIRXML] %c%d font-size:0;color:transparent Error @ https://challenges.cloudflare.com/cdn-cgi/challenge-platform/h/b/turnstile/f/ov2/av0/rch/vew8t/0x4AAAAAAAbaszMygKLnGbeo/auto/fbE/new/normal?lang=auto:0
[    7799ms] [ERROR] %c%d font-size:0;color:transparent NaN @ https://challenges.cloudflare.com/cdn-cgi/challenge-platform/h/b/turnstile/f/ov2/av0/rch/vew8t/0x4AAAAAAAbaszMygKLnGbeo/auto/fbE/new/normal?lang=auto:0
[    7799ms] [ERROR] %c%d font-size:0;color:transparent NaN @ https://challenges.cloudflare.com/cdn-cgi/challenge-platform/h/b/turnstile/f/ov2/av0/rch/vew8t/0x4AAAAAAAbaszMygKLnGbeo/auto/fbE/new/normal?lang=auto:0
[    7799ms] [INFO] %c%d font-size:0;color:transparent NaN @ https://challenges.cloudflare.com/cdn-cgi/challenge-platform/h/b/turnstile/f/ov2/av0/rch/vew8t/0x4AAAAAAAbaszMygKLnGbeo/auto/fbE/new/normal?lang=auto:0
[    7799ms] [INFO] %c%d font-size:0;color:transparent NaN @ https://challenges.cloudflare.com/cdn-cgi/challenge-platform/h/b/turnstile/f/ov2/av0/rch/vew8t/0x4AAAAAAAbaszMygKLnGbeo/auto/fbE/new/normal?lang=auto:0
[    7799ms] [LOG] %c%d font-size:0;color:transparent NaN @ https://challenges.cloudflare.com/cdn-cgi/challenge-platform/h/b/turnstile/f/ov2/av0/rch/vew8t/0x4AAAAAAAbaszMygKLnGbeo/auto/fbE/new/normal?lang=auto:0
[    7800ms] [LOG] %c%d font-size:0;color:transparent NaN @ https://challenges.cloudflare.com/cdn-cgi/challenge-platform/h/b/turnstile/f/ov2/av0/rch/vew8t/0x4AAAAAAAbaszMygKLnGbeo/auto/fbE/new/normal?lang=auto:0
[    7800ms] [TABLE] %c%d font-size:0;color:transparent Error @ https://challenges.cloudflare.com/cdn-cgi/challenge-platform/h/b/turnstile/f/ov2/av0/rch/vew8t/0x4AAAAAAAbaszMygKLnGbeo/auto/fbE/new/normal?lang=auto:0
[    7800ms] [TABLE] %c%d font-size:0;color:transparent Error @ https://challenges.cloudflare.com/cdn-cgi/challenge-platform/h/b/turnstile/f/ov2/av0/rch/vew8t/0x4AAAAAAAbaszMygKLnGbeo/auto/fbE/new/normal?lang=auto:0
[    7801ms] [WARNING] %c%d font-size:0;color:transparent NaN @ https://challenges.cloudflare.com/cdn-cgi/challenge-platform/h/b/turnstile/f/ov2/av0/rch/vew8t/0x4AAAAAAAbaszMygKLnGbeo/auto/fbE/new/normal?lang=auto:0
[    7803ms] [WARNING] %c%d font-size:0;color:transparent NaN @ https://challenges.cloudflare.com/cdn-cgi/challenge-platform/h/b/turnstile/f/ov2/av0/rch/vew8t/0x4AAAAAAAbaszMygKLnGbeo/auto/fbE/new/normal?lang=auto:0
[    7995ms] [WARNING] [Cloudflare Turnstile] Error: 600010. @ https://challenges.cloudflare.com/turnstile/v0/api.js?onload=turnstileLoad:0
[    8206ms] [LOG] The next request for the Private Access Token challenge may return a 401 and show a warning in console. @ https://challenges.cloudflare.com/cdn-cgi/challenge-platform/h/b/turnstile/f/ov2/av0/rch/vew8t/0x4AAAAAAAbaszMygKLnGbeo/auto/fbE/new/normal?lang=auto:0
[    8239ms] [ERROR] Failed to load resource: the server responded with a status of 401 () @ https://challenges.cloudflare.com/cdn-cgi/challenge-platform/h/b/pat/9e9e16d57e5cef2f/1775785706053/4ca13f7f971255ebfd2c8ce8739380830744d20e7f7e144fe9c4f89f09c4085b/4nCz-mVPSKDvmkp:0
[    8538ms] [WARNING] [Cloudflare Turnstile] Error: 600010. @ https://challenges.cloudflare.com/turnstile/v0/api.js?onload=turnstileLoad:0
[   10680ms] [WARNING] The resource https://challenges.cloudflare.com/cdn-cgi/challenge-platform/h/b/cmg/1 was preloaded using link preload but not used within a few seconds from the window's load event. Please make sure it has an appropriate `as` value and it is preloaded intentionally. @ https://challenges.cloudflare.com/cdn-cgi/challenge-platform/h/b/turnstile/f/ov2/av0/rch/a5tx1/0x4AAAAAAAbaszMygKLnGbeo/auto/fbE/new/normal?lang=auto:0
[   11543ms] [WARNING] The resource https://challenges.cloudflare.com/cdn-cgi/challenge-platform/h/b/cmg/1 was preloaded using link preload but not used within a few seconds from the window's load event. Please make sure it has an appropriate `as` value and it is preloaded intentionally. @ https://challenges.cloudflare.com/cdn-cgi/challenge-platform/h/b/turnstile/f/ov2/av0/rch/vew8t/0x4AAAAAAAbaszMygKLnGbeo/auto/fbE/new/normal?lang=auto:0
